c:\users\user\desktop\templatetrees.v.2.2\trees\debug\trees.pch
c:\users\user\desktop\templatetrees.v.2.2\trees\debug\vc120.pdb
c:\users\user\desktop\templatetrees.v.2.2\trees\debug\vc120.idb
c:\users\user\desktop\templatetrees.v.2.2\trees\debug\stdafx.obj
c:\users\user\desktop\templatetrees.v.2.2\trees\debug\binarytree.obj
c:\users\user\desktop\templatetrees.v.2.2\trees\debug\searhtree.obj
c:\users\user\desktop\templatetrees.v.2.2\trees\debug\avltree.obj
c:\users\user\desktop\templatetrees.v.2.2\trees\debug\consolemenu.obj
c:\users\user\desktop\templatetrees.v.2.2\trees\debug\elephant.obj
c:\users\user\desktop\templatetrees.v.2.2\trees\debug\testforavltree.obj
c:\users\user\desktop\templatetrees.v.2.2\trees\debug\testforbinarytree.obj
c:\users\user\desktop\templatetrees.v.2.2\trees\debug\testforcomparefunction.obj
c:\users\user\desktop\templatetrees.v.2.2\trees\debug\testforelephant.obj
c:\users\user\desktop\templatetrees.v.2.2\trees\debug\testfornode.obj
c:\users\user\desktop\templatetrees.v.2.2\trees\debug\testforsearhtree.obj
c:\users\user\desktop\templatetrees.v.2.2\trees\debug\trees.obj
c:\users\user\desktop\templatetrees.v.2.2\debug\trees.ilk
c:\users\user\desktop\templatetrees.v.2.2\debug\trees.exe
c:\users\user\desktop\templatetrees.v.2.2\debug\trees.pdb
c:\users\user\desktop\templatetrees.v.2.2\trees\debug\trees.tlog\cl.command.1.tlog
c:\users\user\desktop\templatetrees.v.2.2\trees\debug\trees.tlog\cl.read.1.tlog
c:\users\user\desktop\templatetrees.v.2.2\trees\debug\trees.tlog\cl.write.1.tlog
c:\users\user\desktop\templatetrees.v.2.2\trees\debug\trees.tlog\link.command.1.tlog
c:\users\user\desktop\templatetrees.v.2.2\trees\debug\trees.tlog\link.read.1.tlog
c:\users\user\desktop\templatetrees.v.2.2\trees\debug\trees.tlog\link.write.1.tlog
